<?xml version="1.0" encoding="UTF-8"?>
<!-- Generated by org.testng.reporters.JUnitReportReporter -->
<testsuite hostname="Pandey" failures="0" tests="5" name="testCases.Get_ListAllModulesOfProject" time="8.338" errors="0" timestamp="2021-04-25T17:57:46 IST" skipped="0">
  <testcase classname="testCases.Get_ListAllModulesOfProject" name="CheckSuccessTrue" time="0.000"/>
  <system-out/>
  <testcase classname="testCases.Get_ListAllModulesOfProject" name="withNonExisting_projectKey" time="2.287"/>
  <system-out/>
  <testcase classname="testCases.Get_ListAllModulesOfProject" name="withExisting_projectKey_HavingNoModules" time="1.971"/>
  <system-out/>
  <testcase classname="testCases.Get_ListAllModulesOfProject" name="withExistingProjectKey" time="2.041"/>
  <system-out/>
  <testcase classname="testCases.Get_ListAllModulesOfProject" name="withExistingProjectKey" time="2.039"/>
  <system-out/>
</testsuite> <!-- testCases.Get_ListAllModulesOfProject -->
