<?xml version="1.0" encoding="UTF-8"?>
<!-- Generated by org.testng.reporters.JUnitReportReporter -->
<testsuite hostname="Pandey" failures="0" tests="1" name="defects.ListDefectStatus" time="1.960" errors="0" timestamp="2021-04-25T17:57:46 IST" skipped="0">
  <testcase classname="defects.ListDefectStatus" name="REQ_11" time="1.960"/>
  <system-out/>
</testsuite> <!-- defects.ListDefectStatus -->
