<?xml version="1.0" encoding="UTF-8"?>
<!-- Generated by org.testng.reporters.JUnitReportReporter -->
<testsuite hostname="Pandey" failures="0" tests="4" name="testCases.Post_CreateTestCase" time="8.297" errors="0" timestamp="2021-04-25T17:57:47 IST" skipped="0">
  <testcase classname="testCases.Post_CreateTestCase" name="NonExisting_projectKey_Existing_sectionKey" time="2.075"/>
  <system-out/>
  <testcase classname="testCases.Post_CreateTestCase" name="NonExisting_projectKey_NonExisting_sectionKey" time="2.016"/>
  <system-out/>
  <testcase classname="testCases.Post_CreateTestCase" name="Existing_projectKey_NonExisting_sectionKey" time="2.054"/>
  <system-out/>
  <testcase classname="testCases.Post_CreateTestCase" name="Existing_projectKey_Existing_sectionKey" time="2.152"/>
  <system-out/>
</testsuite> <!-- testCases.Post_CreateTestCase -->
