<?xml version="1.0" encoding="UTF-8"?>
<!-- Generated by org.testng.reporters.JUnitReportReporter -->
<testsuite hostname="Pandey" failures="0" tests="1" name="defects.CountDefectsInProject$ListAvailableDefectPriority" time="1.972" errors="0" timestamp="2021-04-25T17:57:46 IST" skipped="0">
  <testcase classname="defects.CountDefectsInProject$ListAvailableDefectPriority" name="REQ_15" time="1.972"/>
  <system-out/>
</testsuite> <!-- defects.CountDefectsInProject$ListAvailableDefectPriority -->
