<?xml version="1.0" encoding="UTF-8"?>
<!-- Generated by org.testng.reporters.JUnitReportReporter -->
<testsuite hostname="Pandey" failures="0" tests="2" name="testRuns.UpdateTestRunStatus" time="4.297" errors="0" timestamp="2021-04-25T17:57:47 IST" skipped="0">
  <testcase classname="testRuns.UpdateTestRunStatus" name="TC_007_UpdateRunStatus" time="2.241"/>
  <system-out/>
  <testcase classname="testRuns.UpdateTestRunStatus" name="TC_008_UpdateInvalidRunStatus" time="2.056"/>
  <system-out/>
</testsuite> <!-- testRuns.UpdateTestRunStatus -->
