<?xml version="1.0" encoding="UTF-8"?>
<!-- Generated by org.testng.reporters.JUnitReportReporter -->
<testsuite hostname="Pandey" failures="0" tests="2" name="testRuns.ListTestRuns" time="5.654" errors="0" timestamp="2021-04-25T17:57:47 IST" skipped="0">
  <testcase classname="testRuns.ListTestRuns" name="TC_003_TestRuns" time="4.058"/>
  <system-out/>
  <testcase classname="testRuns.ListTestRuns" name="TC_004_TestRuns" time="1.596"/>
  <system-out/>
</testsuite> <!-- testRuns.ListTestRuns -->
