<?xml version="1.0" encoding="UTF-8"?>
<!-- Generated by org.testng.reporters.JUnitReportReporter -->
<testsuite hostname="Pandey" failures="0" tests="3" name="release.Get_ListAllReleasesOfProject" time="6.100" errors="0" timestamp="2021-04-25T17:57:47 IST" skipped="0">
  <testcase classname="release.Get_ListAllReleasesOfProject" name="withExistingProjectKey" time="1.932"/>
  <system-out/>
  <testcase classname="release.Get_ListAllReleasesOfProject" name="withNonExistingProjectKey" time="2.008"/>
  <system-out/>
  <testcase classname="release.Get_ListAllReleasesOfProject" name="withExistingProjectKey" time="2.160"/>
  <system-out/>
</testsuite> <!-- release.Get_ListAllReleasesOfProject -->
