<?xml version="1.0" encoding="UTF-8"?>
<!-- Generated by org.testng.reporters.JUnitReportReporter -->
<testsuite hostname="Pandey" failures="0" tests="2" name="projects.Get_CountOfTotalNoOfProjects" time="15.945" errors="0" timestamp="2021-04-25T17:57:46 IST" skipped="0">
  <testcase classname="projects.Get_CountOfTotalNoOfProjects" name="validateCount" time="4.610"/>
  <system-out/>
  <testcase classname="projects.Get_CountOfTotalNoOfProjects" name="CheckStatusCode" time="11.335"/>
  <system-out/>
</testsuite> <!-- projects.Get_CountOfTotalNoOfProjects -->
