<?xml version="1.0" encoding="UTF-8"?>
<!-- Generated by org.testng.reporters.JUnitReportReporter -->
<testsuite hostname="Pandey" failures="0" tests="2" name="testRuns.CountTestRuns" time="3.354" errors="0" timestamp="2021-04-25T17:57:46 IST" skipped="0">
  <testcase classname="testRuns.CountTestRuns" name="TC_001_CountTestRun" time="2.003"/>
  <system-out/>
  <testcase classname="testRuns.CountTestRuns" name="TC_002CountTestRun" time="1.351"/>
  <system-out/>
</testsuite> <!-- testRuns.CountTestRuns -->
