<?xml version="1.0" encoding="UTF-8"?>
<!-- Generated by org.testng.reporters.JUnitReportReporter -->
<testsuite hostname="Pandey" failures="0" tests="6" name="testCases.Get_CountOfTotalTestCasesOfProject" time="17.227" errors="0" timestamp="2021-04-25T17:57:47 IST" skipped="0">
  <testcase classname="testCases.Get_CountOfTotalTestCasesOfProject" name="withExisting_projectKey_ValidateCount" time="4.449"/>
  <system-out/>
  <testcase classname="testCases.Get_CountOfTotalTestCasesOfProject" name="withExisting_projectKey_ValidateCount" time="4.581"/>
  <system-out/>
  <testcase classname="testCases.Get_CountOfTotalTestCasesOfProject" name="withExisting_projectKey" time="1.954"/>
  <system-out/>
  <testcase classname="testCases.Get_CountOfTotalTestCasesOfProject" name="withExisting_projectKey_HavingNoTestCases" time="2.070"/>
  <system-out/>
  <testcase classname="testCases.Get_CountOfTotalTestCasesOfProject" name="withNonExisting_projectKey" time="2.237"/>
  <system-out/>
  <testcase classname="testCases.Get_CountOfTotalTestCasesOfProject" name="withExisting_projectKey" time="1.936"/>
  <system-out/>
</testsuite> <!-- testCases.Get_CountOfTotalTestCasesOfProject -->
