<?xml version="1.0" encoding="UTF-8"?>
<!-- Generated by org.testng.reporters.JUnitReportReporter -->
<testsuite hostname="Pandey" failures="0" tests="5" name="release.Get_CountReleases" time="15.159" errors="0" timestamp="2021-04-25T17:57:46 IST" skipped="0">
  <testcase classname="release.Get_CountReleases" name="CountRealeasesOfExistingProjectKey" time="2.220"/>
  <system-out/>
  <testcase classname="release.Get_CountReleases" name="ValidateCount" time="4.248"/>
  <system-out/>
  <testcase classname="release.Get_CountReleases" name="CountRealeasesOfExistingProjectKey" time="2.109"/>
  <system-out/>
  <testcase classname="release.Get_CountReleases" name="ValidateCount" time="4.384"/>
  <system-out/>
  <testcase classname="release.Get_CountReleases" name="CountRealeasesOfNonExistingProjectKey" time="2.198"/>
  <system-out/>
</testsuite> <!-- release.Get_CountReleases -->
