<?xml version="1.0" encoding="UTF-8"?>
<!-- Generated by org.testng.reporters.JUnitReportReporter -->
<testsuite hostname="Pandey" failures="0" tests="2" name="testRuns.ListTestRunsResult" time="4.039" errors="0" timestamp="2021-04-25T17:57:46 IST" skipped="0">
  <testcase classname="testRuns.ListTestRunsResult" name="TC_005_TestRunResult" time="2.014"/>
  <system-out/>
  <testcase classname="testRuns.ListTestRunsResult" name="TC_005_TestRunResult" time="2.025"/>
  <system-out/>
</testsuite> <!-- testRuns.ListTestRunsResult -->
