<?xml version="1.0" encoding="UTF-8"?>
<!-- Generated by org.testng.reporters.JUnitReportReporter -->
<testsuite hostname="Pandey" failures="0" tests="1" name="defects.ListIssueTypeForDefects" time="1.949" errors="0" timestamp="2021-04-25T17:57:46 IST" skipped="0">
  <testcase classname="defects.ListIssueTypeForDefects" name="REQ_13" time="1.949"/>
  <system-out/>
</testsuite> <!-- defects.ListIssueTypeForDefects -->
