<?xml version="1.0" encoding="UTF-8"?>
<!-- Generated by org.testng.reporters.JUnitReportReporter -->
<testsuite hostname="Pandey" failures="0" tests="1" name="testRuns.ListTestRunsStatus" time="2.040" errors="0" timestamp="2021-04-25T17:57:47 IST" skipped="0">
  <testcase classname="testRuns.ListTestRunsStatus" name="TC_006_TestRuns_Status" time="2.040"/>
  <system-out/>
</testsuite> <!-- testRuns.ListTestRunsStatus -->
