<?xml version="1.0" encoding="UTF-8"?>
<!-- Generated by org.testng.reporters.JUnitReportReporter -->
<testsuite hostname="Pandey" failures="0" tests="1" name="defects.ListAvailableDefectPriority" time="2.019" errors="0" timestamp="2021-04-25T17:57:47 IST" skipped="0">
  <testcase classname="defects.ListAvailableDefectPriority" name="REQ_14" time="2.019"/>
  <system-out/>
</testsuite> <!-- defects.ListAvailableDefectPriority -->
