<?xml version="1.0" encoding="UTF-8"?>
<!-- Generated by org.testng.reporters.JUnitReportReporter -->
<testsuite hostname="Pandey" failures="0" tests="1" name="defects.ListSeverityForDefects" time="1.980" errors="0" timestamp="2021-04-25T17:57:46 IST" skipped="0">
  <testcase classname="defects.ListSeverityForDefects" name="REQ_12" time="1.980"/>
  <system-out/>
</testsuite> <!-- defects.ListSeverityForDefects -->
