<?xml version="1.0" encoding="UTF-8"?>
<!-- Generated by org.testng.reporters.JUnitReportReporter -->
<testsuite hostname="Pandey" failures="0" tests="4" name="testCases.Get_ListAllTestCasesOfProject" time="8.097" errors="0" timestamp="2021-04-25T17:57:46 IST" skipped="0">
  <testcase classname="testCases.Get_ListAllTestCasesOfProject" name="withExisting_projectKey" time="1.944"/>
  <system-out/>
  <testcase classname="testCases.Get_ListAllTestCasesOfProject" name="withExisting_projectKey" time="1.915"/>
  <system-out/>
  <testcase classname="testCases.Get_ListAllTestCasesOfProject" name="withExisting_projectKey_HavingNoTestCases" time="2.200"/>
  <system-out/>
  <testcase classname="testCases.Get_ListAllTestCasesOfProject" name="withNonExisting_projectKey" time="2.038"/>
  <system-out/>
</testsuite> <!-- testCases.Get_ListAllTestCasesOfProject -->
