<?xml version="1.0" encoding="UTF-8"?>
<!-- Generated by org.testng.reporters.JUnitReportReporter -->
<testsuite hostname="Pandey" failures="0" tests="2" name="requirements.ListRequirementDocs" time="4.499" errors="0" timestamp="2021-04-25T17:57:47 IST" skipped="0">
  <testcase classname="requirements.ListRequirementDocs" name="REQ_21" time="2.164"/>
  <system-out/>
  <testcase classname="requirements.ListRequirementDocs" name="REQ_21" time="2.335"/>
  <system-out/>
</testsuite> <!-- requirements.ListRequirementDocs -->
