<?xml version="1.0" encoding="UTF-8"?>
<!-- Generated by org.testng.reporters.JUnitReportReporter -->
<testsuite hostname="Pandey" failures="0" tests="2" name="defects.CreateDefect" time="4.749" errors="0" timestamp="2021-04-25T17:57:46 IST" skipped="0">
  <testcase classname="defects.CreateDefect" name="REQ_17" time="2.127"/>
  <system-out/>
  <testcase classname="defects.CreateDefect" name="REQ_16" time="2.622"/>
  <system-out/>
</testsuite> <!-- defects.CreateDefect -->
