<?xml version="1.0" encoding="UTF-8"?>
<!-- Generated by org.testng.reporters.JUnitReportReporter -->
<testsuite hostname="Pandey" failures="0" tests="4" name="testCases.Post_CreateModule" time="8.132" errors="0" timestamp="2021-04-25T17:57:47 IST" skipped="0">
  <testcase classname="testCases.Post_CreateModule" name="ExistingModuleNameExistingKey" time="2.200"/>
  <system-out/>
  <testcase classname="testCases.Post_CreateModule" name="NonExistingModuleNameExistingKey" time="2.006"/>
  <system-out/>
  <testcase classname="testCases.Post_CreateModule" name="ExistingModuleNameNonExistingKey" time="1.962"/>
  <system-out/>
  <testcase classname="testCases.Post_CreateModule" name="NonExistingModuleNameNonExistingKey" time="1.964"/>
  <system-out/>
</testsuite> <!-- testCases.Post_CreateModule -->
