<?xml version="1.0" encoding="UTF-8"?>
<!-- Generated by org.testng.reporters.JUnitReportReporter -->
<testsuite hostname="Pandey" failures="0" tests="1" name="requirements.CreateNewRequirement" time="2.329" errors="0" timestamp="2021-04-25T17:57:46 IST" skipped="0">
  <testcase classname="requirements.CreateNewRequirement" name="REQ_22" time="2.329"/>
  <system-out/>
</testsuite> <!-- requirements.CreateNewRequirement -->
