<?xml version="1.0" encoding="UTF-8"?>
<!-- Generated by org.testng.reporters.JUnitReportReporter -->
<testsuite hostname="Pandey" failures="0" tests="2" name="testRuns.ListUsersInProject" time="3.682" errors="0" timestamp="2021-04-25T17:57:47 IST" skipped="0">
  <testcase classname="testRuns.ListUsersInProject" name="REQ_09" time="1.842"/>
  <system-out/>
  <testcase classname="testRuns.ListUsersInProject" name="REQ_09" time="1.840"/>
  <system-out/>
</testsuite> <!-- testRuns.ListUsersInProject -->
