<?xml version="1.0" encoding="UTF-8"?>
<!-- Generated by org.testng.reporters.JUnitReportReporter -->
<testsuite hostname="Pandey" failures="0" tests="2" name="projects.Post_CreateProject" time="4.869" errors="0" timestamp="2021-04-25T17:57:46 IST" skipped="0">
  <testcase classname="projects.Post_CreateProject" name="CreateProjectWithExistingName" time="2.505"/>
  <system-out/>
  <testcase classname="projects.Post_CreateProject" name="CreateProjectWithNonExistingName" time="2.364"/>
  <system-out/>
</testsuite> <!-- projects.Post_CreateProject -->
