<?xml version="1.0" encoding="UTF-8"?>
<!-- Generated by org.testng.reporters.JUnitReportReporter -->
<testsuite hostname="Pandey" failures="0" tests="2" name="requirements.ListRequirementsForProject" time="5.328" errors="0" timestamp="2021-04-25T17:57:47 IST" skipped="0">
  <testcase classname="requirements.ListRequirementsForProject" name="REQ_18" time="3.209"/>
  <system-out/>
  <testcase classname="requirements.ListRequirementsForProject" name="REQ_19Fail" time="2.119"/>
  <system-out/>
</testsuite> <!-- requirements.ListRequirementsForProject -->
