<?xml version="1.0" encoding="UTF-8"?>
<!-- Generated by org.testng.reporters.JUnitReportReporter -->
<testsuite hostname="Pandey" failures="0" tests="1" name="requirements.CreateRequirementDoc" time="2.457" errors="0" timestamp="2021-04-25T17:57:47 IST" skipped="0">
  <testcase classname="requirements.CreateRequirementDoc" name="REQ_21" time="2.457"/>
  <system-out/>
</testsuite> <!-- requirements.CreateRequirementDoc -->
