<?xml version="1.0" encoding="UTF-8"?>
<!-- Generated by org.testng.reporters.JUnitReportReporter -->
<testsuite hostname="Pandey" failures="0" tests="1" name="projects.Get_ListAllProjects" time="4.672" errors="0" timestamp="2021-04-25T17:57:47 IST" skipped="0">
  <testcase classname="projects.Get_ListAllProjects" name="Check_SuccessStatus" time="4.672"/>
  <system-out/>
</testsuite> <!-- projects.Get_ListAllProjects -->
