<?xml version="1.0" encoding="UTF-8"?>
<!-- Generated by org.testng.reporters.JUnitReportReporter -->
<testsuite hostname="Pandey" failures="0" tests="1" name="testRuns.CreateTestRun" time="3.086" errors="0" timestamp="2021-04-25T16:34:25 IST" skipped="0">
  <testcase classname="testRuns.CreateTestRun" name="REQ_09" time="3.086"/>
  <system-out/>
</testsuite> <!-- testRuns.CreateTestRun -->
