<?xml version="1.0" encoding="UTF-8"?>
<!-- Generated by org.testng.reporters.JUnitReportReporter -->
<testsuite hostname="Pandey" failures="0" tests="2" name="release.Post_CreateNewRelease" time="4.254" errors="0" timestamp="2021-04-25T17:57:46 IST" skipped="0">
  <testcase classname="release.Post_CreateNewRelease" name="CreateRelease_NonExistingProjectKey" time="2.042"/>
  <system-out/>
  <testcase classname="release.Post_CreateNewRelease" name="CreateRelease_ExistingProjectKey" time="2.212"/>
  <system-out/>
</testsuite> <!-- release.Post_CreateNewRelease -->
