<?xml version="1.0" encoding="UTF-8"?>
<!-- Generated by org.testng.reporters.JUnitReportReporter -->
<testsuite hostname="Pandey" failures="0" tests="2" name="requirements.CountRequirementForProject" time="4.714" errors="0" timestamp="2021-04-25T17:57:46 IST" skipped="0">
  <testcase classname="requirements.CountRequirementForProject" name="REQ_19" time="2.056"/>
  <system-out/>
  <testcase classname="requirements.CountRequirementForProject" name="REQ_19" time="2.658"/>
  <system-out/>
</testsuite> <!-- requirements.CountRequirementForProject -->
